<?xml version="1.0" encoding="UTF-8"?>
<testng-results skipped="0" failed="0" ignored="0" total="1" passed="1">
  <reporter-output>
  </reporter-output>
  <suite name="Surefire suite" duration-ms="7134" started-at="2021-07-28T11:11:04 IST" finished-at="2021-07-28T11:11:12 IST">
    <groups>
    </groups>
    <test name="Surefire test" duration-ms="7134" started-at="2021-07-28T11:11:04 IST" finished-at="2021-07-28T11:11:12 IST">
      <class name="Sample.Circbuzz">
        <test-method status="PASS" signature="firstVisit()[pri:0, instance:Sample.Circbuzz@25bbe1b6]" name="firstVisit" duration-ms="7088" started-at="2021-07-28T11:11:04 IST" finished-at="2021-07-28T11:11:12 IST">
          <reporter-output>
          </reporter-output>
        </test-method> <!-- firstVisit -->
      </class> <!-- Sample.Circbuzz -->
    </test> <!-- Surefire test -->
  </suite> <!-- Surefire suite -->
</testng-results>
